<?xml version="1.0" encoding="UTF-8"?>
<testsuite xmlns:xsi="http://www.w3.org/2001/XMLSchema-instance" xsi:noNamespaceSchemaLocation="https://maven.apache.org/surefire/maven-surefire-plugin/xsd/surefire-test-report-3.0.xsd" version="3.0" name="com.trading.brokerBridge.BrokerBridgeApplicationTests" time="1.223" tests="1" errors="0" skipped="0" failures="0">
  <properties>
[...]
</properties>
  <testcase name="contextLoads" classname="com.trading.brokerBridge.BrokerBridgeApplicationTests" time="0.416">
    <system-out><![CDATA[14:38:46.545 [main] INFO org.springframework.test.context.support.AnnotationConfigContextLoaderUtils -- Could not detect default configuration classes for test class [com.trading.brokerBridge.BrokerBridgeApplicationTests]: BrokerBridgeApplicationTests does not declare any static, non-private, non-final, nested classes annotated with @Configuration.
14:38:46.586 [main] INFO org.springframework.boot.test.context.SpringBootTestContextBootstrapper -- Found @SpringBootConfiguration com.trading.brokerBridge.BrokerBridgeApplication for test class com.trading.brokerBridge.BrokerBridgeApplicationTests
14:38:46.642 [main] INFO org.springframework.boot.devtools.restart.RestartApplicationListener -- Restart disabled due to context in which it is running

  .   ____          _            __ _ _
 /\\ / ___'_ __ _ _(_)_ __  __ _ \ \ \ \
( ( )\___ | '_ | '_| | '_ \/ _` | \ \ \ \
 \\/  ___)| |_)| | | | | || (_| |  ) ) ) )
  '  |____| .__|_| |_|_| |_\__, | / / / /
 =========|_|==============|___/=/_/_/_/
 :: Spring Boot ::                (v3.2.1)

2024-01-02T14:38:46.747+05:30  INFO 81449 --- [           main] c.t.b.BrokerBridgeApplicationTests       : Starting BrokerBridgeApplicationTests using Java 17.0.9 with PID 81449 (started by supreeth.vankadari in /Users/supreeth.vankadari/Downloads/brokerBridge)
2024-01-02T14:38:46.748+05:30  INFO 81449 --- [           main] c.t.b.BrokerBridgeApplicationTests       : No active profile set, falling back to 1 default profile: "default"
2024-01-02T14:38:47.251+05:30  INFO 81449 --- [           main] c.t.b.BrokerBridgeApplicationTests       : Started BrokerBridgeApplicationTests in 0.614 seconds (process running for 1.03)
]]></system-out>
  </testcase>
</testsuite>